<?xml version="1.0" encoding="UTF-8"?>
<!-- Generated by org.testng.reporters.JUnitReportReporter -->
<testsuite hostname="LAPTOP-6I2ERQM6" failures="0" tests="6" name="testclass1.TestClass2" time="2.058" errors="0" timestamp="2023-09-12T15:55:44 IST" skipped="0">
  <testcase classname="testclass1.TestClass2" name="Test_D" time="1.004"/>
  <system-out/>
  <testcase classname="testclass1.TestClass2" name="Test_D" time="1.041"/>
  <system-out/>
  <testcase classname="testclass1.TestClass2" name="Test_B" time="0.004"/>
  <system-out/>
  <testcase classname="testclass1.TestClass2" name="Test_B" time="0.004"/>
  <system-out/>
  <testcase classname="testclass1.TestClass2" name="Test_C" time="0.002"/>
  <system-out/>
  <testcase classname="testclass1.TestClass2" name="Test_C" time="0.003"/>
  <system-out/>
</testsuite> <!-- testclass1.TestClass2 -->
